<?xml version="1.0" encoding="UTF-8"?>
<testng-results skipped="0" failed="1" ignored="0" total="2" passed="1">
  <reporter-output>
  </reporter-output>
  <suite name="Default suite" duration-ms="52655" started-at="2020-11-26T17:13:24Z" finished-at="2020-11-26T17:14:17Z">
    <groups>
    </groups>
    <test name="Default test" duration-ms="52655" started-at="2020-11-26T17:13:24Z" finished-at="2020-11-26T17:14:17Z">
      <class name="com.crm.testcases.TestContactsPage">
        <test-method status="PASS" signature="setup()[pri:0, instance:com.crm.testcases.TestContactsPage@6eebc39e]" name="setup" is-config="true" duration-ms="12850" started-at="2020-11-26T22:43:24Z" finished-at="2020-11-26T22:43:37Z">
          <reporter-output>
          </reporter-output>
        </test-method> <!-- setup -->
        <test-method status="PASS" signature="testContactPageElements()[pri:1, instance:com.crm.testcases.TestContactsPage@6eebc39e]" name="testContactPageElements" duration-ms="83" started-at="2020-11-26T22:43:37Z" finished-at="2020-11-26T22:43:37Z">
          <reporter-output>
          </reporter-output>
        </test-method> <!-- testContactPageElements -->
        <test-method status="PASS" signature="exitMethod()[pri:0, instance:com.crm.testcases.TestContactsPage@6eebc39e]" name="exitMethod" is-config="true" duration-ms="1138" started-at="2020-11-26T22:43:37Z" finished-at="2020-11-26T22:43:38Z">
          <reporter-output>
          </reporter-output>
        </test-method> <!-- exitMethod -->
        <test-method status="PASS" signature="setup()[pri:0, instance:com.crm.testcases.TestContactsPage@6eebc39e]" name="setup" is-config="true" duration-ms="15596" started-at="2020-11-26T22:43:38Z" finished-at="2020-11-26T22:43:54Z">
          <reporter-output>
          </reporter-output>
        </test-method> <!-- setup -->
        <test-method status="FAIL" signature="createNewConatct()[pri:2, instance:com.crm.testcases.TestContactsPage@6eebc39e]" name="createNewConatct" duration-ms="21807" started-at="2020-11-26T22:43:54Z" finished-at="2020-11-26T22:44:16Z">
          <exception class="org.openqa.selenium.TimeoutException">
            <message>
              <![CDATA[Expected condition failed: waiting for visibility of element located by By.xpath: //div[@class='ui loader'] (tried for 20 second(s) with 500 MILLISECONDS interval)
Build info: version: '3.5.3', revision: 'a88d25fe6b', time: '2017-08-29T12:42:44.417Z'
System info: host: 'Sriranganaths-MacBook-Pro-2.local', ip: 'fe80:0:0:0:10d2:5d93:7a4c:9341%en0', os.name: 'Mac OS X', os.arch: 'x86_64', os.version: '10.16', java.version: '1.8.0_251'
Driver info: org.openqa.selenium.chrome.ChromeDriver
Capabilities [{networkConnectionEnabled=false, chrome={chromedriverVersion=86.0.4240.22 (398b0743353ff36fb1b82468f63a3a93b4e2e89e-refs/branch-heads/4240@{#378}), userDataDir=/var/folders/y_/c1nnm__16hd8_csmkcwbw3_m0000gn/T/.com.google.Chrome.CnlMwD}, timeouts={implicit=0, pageLoad=300000, script=30000}, pageLoadStrategy=normal, unhandledPromptBehavior=dismiss and notify, strictFileInteractability=false, platform=MAC, proxy=Proxy(), goog:chromeOptions={debuggerAddress=localhost:65220}, acceptInsecureCerts=false, browserVersion=86.0.4240.80, browserName=chrome, javascriptEnabled=true, platformName=MAC, setWindowRect=true, webauthn:virtualAuthenticators=true}]
Session ID: f62706f86f675145e3490905db2e3e9e]]>
            </message>
            <full-stacktrace>
              <![CDATA[org.openqa.selenium.TimeoutException: Expected condition failed: waiting for visibility of element located by By.xpath: //div[@class='ui loader'] (tried for 20 second(s) with 500 MILLISECONDS interval)
Build info: version: '3.5.3', revision: 'a88d25fe6b', time: '2017-08-29T12:42:44.417Z'
System info: host: 'Sriranganaths-MacBook-Pro-2.local', ip: 'fe80:0:0:0:10d2:5d93:7a4c:9341%en0', os.name: 'Mac OS X', os.arch: 'x86_64', os.version: '10.16', java.version: '1.8.0_251'
Driver info: org.openqa.selenium.chrome.ChromeDriver
Capabilities [{networkConnectionEnabled=false, chrome={chromedriverVersion=86.0.4240.22 (398b0743353ff36fb1b82468f63a3a93b4e2e89e-refs/branch-heads/4240@{#378}), userDataDir=/var/folders/y_/c1nnm__16hd8_csmkcwbw3_m0000gn/T/.com.google.Chrome.CnlMwD}, timeouts={implicit=0, pageLoad=300000, script=30000}, pageLoadStrategy=normal, unhandledPromptBehavior=dismiss and notify, strictFileInteractability=false, platform=MAC, proxy=Proxy(), goog:chromeOptions={debuggerAddress=localhost:65220}, acceptInsecureCerts=false, browserVersion=86.0.4240.80, browserName=chrome, javascriptEnabled=true, platformName=MAC, setWindowRect=true, webauthn:virtualAuthenticators=true}]
Session ID: f62706f86f675145e3490905db2e3e9e
	at org.openqa.selenium.support.ui.WebDriverWait.timeoutException(WebDriverWait.java:80)
	at org.openqa.selenium.support.ui.FluentWait.until(FluentWait.java:232)
	at com.crm.pages.ContactsPage.createContact(ContactsPage.java:52)
	at com.crm.testcases.TestContactsPage.createNewConatct(TestContactsPage.java:40)
	at sun.reflect.NativeMethodAccessorImpl.invoke0(Native Method)
	at sun.reflect.NativeMethodAccessorImpl.invoke(NativeMethodAccessorImpl.java:62)
	at sun.reflect.DelegatingMethodAccessorImpl.invoke(DelegatingMethodAccessorImpl.java:43)
	at java.lang.reflect.Method.invoke(Method.java:498)
	at org.testng.internal.MethodInvocationHelper.invokeMethod(MethodInvocationHelper.java:108)
	at org.testng.internal.Invoker.invokeMethod(Invoker.java:661)
	at org.testng.internal.Invoker.invokeTestMethod(Invoker.java:869)
	at org.testng.internal.Invoker.invokeTestMethods(Invoker.java:1193)
	at org.testng.internal.TestMethodWorker.invokeTestMethods(TestMethodWorker.java:126)
	at org.testng.internal.TestMethodWorker.run(TestMethodWorker.java:109)
	at org.testng.TestRunner.privateRun(TestRunner.java:744)
	at org.testng.TestRunner.run(TestRunner.java:602)
	at org.testng.SuiteRunner.runTest(SuiteRunner.java:380)
	at org.testng.SuiteRunner.runSequentially(SuiteRunner.java:375)
	at org.testng.SuiteRunner.privateRun(SuiteRunner.java:340)
	at org.testng.SuiteRunner.run(SuiteRunner.java:289)
	at org.testng.SuiteRunnerWorker.runSuite(SuiteRunnerWorker.java:52)
	at org.testng.SuiteRunnerWorker.run(SuiteRunnerWorker.java:86)
	at org.testng.TestNG.runSuitesSequentially(TestNG.java:1301)
	at org.testng.TestNG.runSuitesLocally(TestNG.java:1226)
	at org.testng.TestNG.runSuites(TestNG.java:1144)
	at org.testng.TestNG.run(TestNG.java:1115)
	at org.testng.remote.AbstractRemoteTestNG.run(AbstractRemoteTestNG.java:132)
	at org.testng.remote.RemoteTestNG.initAndRun(RemoteTestNG.java:230)
	at org.testng.remote.RemoteTestNG.main(RemoteTestNG.java:76)
]]>
            </full-stacktrace>
          </exception> <!-- org.openqa.selenium.TimeoutException -->
          <reporter-output>
          </reporter-output>
        </test-method> <!-- createNewConatct -->
        <test-method status="PASS" signature="exitMethod()[pri:0, instance:com.crm.testcases.TestContactsPage@6eebc39e]" name="exitMethod" is-config="true" duration-ms="1162" started-at="2020-11-26T22:44:16Z" finished-at="2020-11-26T22:44:17Z">
          <reporter-output>
          </reporter-output>
        </test-method> <!-- exitMethod -->
      </class> <!-- com.crm.testcases.TestContactsPage -->
    </test> <!-- Default test -->
  </suite> <!-- Default suite -->
</testng-results>
